{
"contracts/Raffle.sol":{"l":{"53":3,"54":3,"55":3,"56":3,"57":3,"58":3,"59":3,"60":3,"71":3,"72":1,"75":2,"76":0,"78":2,"81":2,"108":0,"109":0,"110":0,"111":0,"112":0,"113":0,"121":0,"123":0,"124":0,"130":0,"131":0,"139":0,"152":0,"153":0,"154":0,"155":0,"156":0,"157":0,"158":0,"160":0,"161":0,"163":0,"167":4,"171":1,"175":0,"179":1,"183":0,"187":0,"191":0,"195":4,"199":0},"path":"/home/huyu0408/hh-fcc/hardhat-smartcontract-lottery-fcc/contracts/Raffle.sol","s":{"1":3,"2":2,"3":2,"4":2,"5":0,"6":0,"7":0,"8":0,"9":0,"10":0,"11":0,"12":0,"13":0,"14":0,"15":0,"16":0,"17":0,"18":0,"19":4,"20":1,"21":0,"22":1,"23":0,"24":0,"25":0,"26":4,"27":0},"b":{"1":[1,2],"2":[0,2],"3":[0,0],"4":[0,0]},"f":{"1":3,"2":3,"3":0,"4":0,"5":0,"6":4,"7":1,"8":0,"9":1,"10":0,"11":0,"12":0,"13":4,"14":0},"fnMap":{"1":{"name":"constructor","line":52,"loc":{"start":{"line":45,"column":4},"end":{"line":61,"column":4}}},"2":{"name":"enterRaffle","line":69,"loc":{"start":{"line":69,"column":4},"end":{"line":82,"column":4}}},"3":{"name":"checkUpkeep","line":105,"loc":{"start":{"line":105,"column":4},"end":{"line":114,"column":4}}},"4":{"name":"performUpkeep","line":120,"loc":{"start":{"line":120,"column":4},"end":{"line":140,"column":4}}},"5":{"name":"fulfillRandomWords","line":142,"loc":{"start":{"line":142,"column":4},"end":{"line":164,"column":4}}},"6":{"name":"getEntranceFee","line":166,"loc":{"start":{"line":166,"column":4},"end":{"line":168,"column":4}}},"7":{"name":"getPlayer","line":170,"loc":{"start":{"line":170,"column":4},"end":{"line":172,"column":4}}},"8":{"name":"getRecentWinner","line":174,"loc":{"start":{"line":174,"column":4},"end":{"line":176,"column":4}}},"9":{"name":"getRaffleState","line":178,"loc":{"start":{"line":178,"column":4},"end":{"line":180,"column":4}}},"10":{"name":"getNumWords","line":182,"loc":{"start":{"line":182,"column":4},"end":{"line":184,"column":4}}},"11":{"name":"getRequestConfirmations","line":186,"loc":{"start":{"line":186,"column":4},"end":{"line":188,"column":4}}},"12":{"name":"getLastTimeStamp","line":190,"loc":{"start":{"line":190,"column":4},"end":{"line":192,"column":4}}},"13":{"name":"getInterval","line":194,"loc":{"start":{"line":194,"column":4},"end":{"line":196,"column":4}}},"14":{"name":"getNumberOfPlayers","line":198,"loc":{"start":{"line":198,"column":4},"end":{"line":200,"column":4}}}},"statementMap":{"1":{"start":{"line":71,"column":8},"end":{"line":71,"column":2327}},"2":{"start":{"line":75,"column":8},"end":{"line":75,"column":2496}},"3":{"start":{"line":78,"column":8},"end":{"line":78,"column":42}},"4":{"start":{"line":81,"column":8},"end":{"line":81,"column":36}},"5":{"start":{"line":108,"column":8},"end":{"line":108,"column":55}},"6":{"start":{"line":109,"column":8},"end":{"line":109,"column":76}},"7":{"start":{"line":110,"column":8},"end":{"line":110,"column":46}},"8":{"start":{"line":111,"column":8},"end":{"line":111,"column":51}},"9":{"start":{"line":113,"column":8},"end":{"line":113,"column":36}},"10":{"start":{"line":121,"column":8},"end":{"line":121,"column":47}},"11":{"start":{"line":123,"column":8},"end":{"line":123,"column":4477}},"12":{"start":{"line":131,"column":8},"end":{"line":131,"column":4737}},"13":{"start":{"line":139,"column":8},"end":{"line":139,"column":45}},"14":{"start":{"line":152,"column":8},"end":{"line":152,"column":65}},"15":{"start":{"line":153,"column":8},"end":{"line":153,"column":63}},"16":{"start":{"line":158,"column":8},"end":{"line":158,"column":78}},"17":{"start":{"line":160,"column":8},"end":{"line":160,"column":5783}},"18":{"start":{"line":163,"column":8},"end":{"line":163,"column":39}},"19":{"start":{"line":167,"column":8},"end":{"line":167,"column":28}},"20":{"start":{"line":171,"column":8},"end":{"line":171,"column":31}},"21":{"start":{"line":175,"column":8},"end":{"line":175,"column":29}},"22":{"start":{"line":179,"column":8},"end":{"line":179,"column":28}},"23":{"start":{"line":183,"column":8},"end":{"line":183,"column":24}},"24":{"start":{"line":187,"column":8},"end":{"line":187,"column":36}},"25":{"start":{"line":191,"column":8},"end":{"line":191,"column":30}},"26":{"start":{"line":195,"column":8},"end":{"line":195,"column":25}},"27":{"start":{"line":199,"column":8},"end":{"line":199,"column":31}}},"branchMap":{"1":{"line":71,"type":"if","locations":[{"start":{"line":71,"column":8},"end":{"line":71,"column":8}},{"start":{"line":71,"column":8},"end":{"line":71,"column":8}}]},"2":{"line":75,"type":"if","locations":[{"start":{"line":75,"column":8},"end":{"line":75,"column":8}},{"start":{"line":75,"column":8},"end":{"line":75,"column":8}}]},"3":{"line":123,"type":"if","locations":[{"start":{"line":123,"column":8},"end":{"line":123,"column":8}},{"start":{"line":123,"column":8},"end":{"line":123,"column":8}}]},"4":{"line":160,"type":"if","locations":[{"start":{"line":160,"column":8},"end":{"line":160,"column":8}},{"start":{"line":160,"column":8},"end":{"line":160,"column":8}}]}}},
"contracts/test/VRFCoordinatorV2Mock.sol":{"l":{},"path":"/home/huyu0408/hh-fcc/hardhat-smartcontract-lottery-fcc/contracts/test/VRFCoordinatorV2Mock.sol","s":{},"b":{},"f":{},"fnMap":{},"statementMap":{},"branchMap":{}}}
