TN:
SF:/home/huyu0408/hh-fcc/hardhat-smartcontract-lottery-fcc/contracts/Raffle.sol
FN:52,constructor
FN:69,enterRaffle
FN:105,checkUpkeep
FN:120,performUpkeep
FN:142,fulfillRandomWords
FN:166,getEntranceFee
FN:170,getPlayer
FN:174,getRecentWinner
FN:178,getRaffleState
FN:182,getNumWords
FN:186,getRequestConfirmations
FN:190,getLastTimeStamp
FN:194,getInterval
FN:198,getNumberOfPlayers
FNF:14
FNH:6
FNDA:3,constructor
FNDA:3,enterRaffle
FNDA:0,checkUpkeep
FNDA:0,performUpkeep
FNDA:0,fulfillRandomWords
FNDA:4,getEntranceFee
FNDA:1,getPlayer
FNDA:0,getRecentWinner
FNDA:1,getRaffleState
FNDA:0,getNumWords
FNDA:0,getRequestConfirmations
FNDA:0,getLastTimeStamp
FNDA:4,getInterval
FNDA:0,getNumberOfPlayers
DA:53,3
DA:54,3
DA:55,3
DA:56,3
DA:57,3
DA:58,3
DA:59,3
DA:60,3
DA:71,3
DA:72,1
DA:75,2
DA:76,0
DA:78,2
DA:81,2
DA:108,0
DA:109,0
DA:110,0
DA:111,0
DA:112,0
DA:113,0
DA:121,0
DA:123,0
DA:124,0
DA:130,0
DA:131,0
DA:139,0
DA:152,0
DA:153,0
DA:154,0
DA:155,0
DA:156,0
DA:157,0
DA:158,0
DA:160,0
DA:161,0
DA:163,0
DA:167,4
DA:171,1
DA:175,0
DA:179,1
DA:183,0
DA:187,0
DA:191,0
DA:195,4
DA:199,0
LF:45
LH:17
BRDA:71,1,0,1
BRDA:71,1,1,2
BRDA:75,2,0,0
BRDA:75,2,1,2
BRDA:123,3,0,0
BRDA:123,3,1,0
BRDA:160,4,0,0
BRDA:160,4,1,0
BRF:8
BRH:3
end_of_record
TN:
SF:/home/huyu0408/hh-fcc/hardhat-smartcontract-lottery-fcc/contracts/test/VRFCoordinatorV2Mock.sol
FNF:0
FNH:0
LF:0
LH:0
BRF:0
BRH:0
end_of_record
